<?xml version="1.0" encoding="UTF-8"?>
<testng-results ignored="0" total="1" passed="1" failed="0" skipped="0">
  <reporter-output>
  </reporter-output>
  <suite started-at="2022-02-08T12:04:18 IST" name="Default suite" finished-at="2022-02-08T12:04:35 IST" duration-ms="17507">
    <groups>
    </groups>
    <test started-at="2022-02-08T12:04:18 IST" name="Default test" finished-at="2022-02-08T12:04:35 IST" duration-ms="17507">
      <class name="demo.DemoWebShop_Test">
        <test-method is-config="true" signature="launchApplication()[pri:0, instance:demo.DemoWebShop_Test@48e4374]" started-at="2022-02-08T12:04:18 IST" name="launchApplication" finished-at="2022-02-08T12:04:32 IST" duration-ms="14367" status="PASS">
          <reporter-output>
          </reporter-output>
        </test-method> <!-- launchApplication -->
        <test-method signature="login()[pri:0, instance:demo.DemoWebShop_Test@48e4374]" started-at="2022-02-08T12:04:32 IST" name="login" finished-at="2022-02-08T12:04:35 IST" duration-ms="2136" status="PASS">
          <reporter-output>
          </reporter-output>
        </test-method> <!-- login -->
        <test-method is-config="true" signature="logout()[pri:0, instance:demo.DemoWebShop_Test@48e4374]" started-at="2022-02-08T12:04:35 IST" name="logout" finished-at="2022-02-08T12:04:35 IST" duration-ms="978" status="PASS">
          <reporter-output>
          </reporter-output>
        </test-method> <!-- logout -->
      </class> <!-- demo.DemoWebShop_Test -->
    </test> <!-- Default test -->
  </suite> <!-- Default suite -->
</testng-results>
